<?xml version="1.0" encoding="UTF-8" ?>
<testsuite tests="3" failures="0" name="cucumber.Options.TestRunner" time="8.849" errors="0" skipped="0">
  <properties>
[...]
</properties>
  <testcase classname="Validating Place API&apos;s" name="Verify if Place is being Succesfully added using AddPlaceAPI" time="6.165"/>
  <testcase classname="Validating Place API&apos;s" name="Verify if Place is getting updated successfully using UpdatePlaceAPI" time="0.255"/>
  <testcase classname="Validating Place API&apos;s" name="Verify if Delete Place functionality is working" time="2.429"/>
</testsuite>